
Running `apk --no-cache add git make nodejs coreutils npm upx` at 2026-04-22 22:47:12
apk-tools 3.0.6-r0, compiled for x86_64.
( 1/22) Installing coreutils-env (9.8-r1)
( 2/22) Installing coreutils-fmt (9.8-r1)
( 3/22) Installing coreutils-sha512sum (9.8-r1)
( 4/22) Installing acl-libs (2.3.2-r1)
( 5/22) Installing libattr (2.5.2-r2)
( 6/22) Installing skalibs-libs (2.14.4.0-r0)
( 7/22) Installing utmps-libs (0.1.3.1-r0)
( 8/22) Installing coreutils (9.8-r1)
( 9/22) Installing libexpat (2.7.5-r0)
(10/22) Installing git (2.52.0-r0)
(11/22) Installing git-init-template (2.52.0-r0)
(12/22) Installing make (4.4.1-r3)
(13/22) Installing ca-certificates (20260413-r0)
(14/22) Installing ada-libs (3.3.0-r0)
(15/22) Installing icu-data-en (76.1-r1)
  Executing icu-data-en-76.1-r1.post-install
  * 
  * If you need ICU with non-English locales and legacy charset support, install
  * package icu-data-full.
  * 
(16/22) Installing icu-libs (76.1-r1)
(17/22) Installing simdjson (3.12.0-r0)
(18/22) Installing simdutf (7.5.0-r1)
(19/22) Installing sqlite-libs (3.51.2-r0)
(20/22) Installing nodejs (24.14.1-r0)
(21/22) Installing npm (11.11.0-r0)
(22/22) Installing upx (5.0.2-r0)
Executing busybox-1.37.0-r30.trigger
Executing ca-certificates-20260413-r0.trigger
OK: 446.1 MiB in 77 packages
